  Building Custom Rule C:/Git/sem2lab1/CloneCMake2/CMakeLists.txt
  TheSecondLab.cpp
C:\Git\sem2lab1\CloneCMake2\TheSecondLab.cpp(15,18): warning C4566: character represented by universal-character-name '\u0412' cannot be represented in the current code page (1252)
C:\Git\sem2lab1\CloneCMake2\TheSecondLab.cpp(15,18): warning C4566: character represented by universal-character-name '\u0432' cannot be represented in the current code page (1252)
C:\Git\sem2lab1\CloneCMake2\TheSecondLab.cpp(15,18): warning C4566: character represented by universal-character-name '\u0435' cannot be represented in the current code page (1252)
C:\Git\sem2lab1\CloneCMake2\TheSecondLab.cpp(15,18): warning C4566: character represented by universal-character-name '\u0434' cannot be represented in the current code page (1252)
C:\Git\sem2lab1\CloneCMake2\TheSecondLab.cpp(15,18): warning C4566: character represented by universal-character-name '\u0438' cannot be represented in the current code page (1252)
C:\Git\sem2lab1\CloneCMake2\TheSecondLab.cpp(15,18): warning C4566: character represented by universal-character-name '\u0442' cannot be represented in the current code page (1252)
C:\Git\sem2lab1\CloneCMake2\TheSecondLab.cpp(15,18): warning C4566: character represented by universal-character-name '\u0447' cannot be represented in the current code page (1252)
C:\Git\sem2lab1\CloneCMake2\TheSecondLab.cpp(15,18): warning C4566: character represented by universal-character-name '\u0441' cannot be represented in the current code page (1252)
C:\Git\sem2lab1\CloneCMake2\TheSecondLab.cpp(15,18): warning C4566: character represented by universal-character-name '\u043B' cannot be represented in the current code page (1252)
C:\Git\sem2lab1\CloneCMake2\TheSecondLab.cpp(15,18): warning C4566: character represented by universal-character-name '\u043E' cannot be represented in the current code page (1252)
C:\Git\sem2lab1\CloneCMake2\TheSecondLab.cpp(18,18): warning C4566: character represented by universal-character-name '\u0412' cannot be represented in the current code page (1252)
C:\Git\sem2lab1\CloneCMake2\TheSecondLab.cpp(18,18): warning C4566: character represented by universal-character-name '\u0432' cannot be represented in the current code page (1252)
C:\Git\sem2lab1\CloneCMake2\TheSecondLab.cpp(18,18): warning C4566: character represented by universal-character-name '\u0435' cannot be represented in the current code page (1252)
C:\Git\sem2lab1\CloneCMake2\TheSecondLab.cpp(18,18): warning C4566: character represented by universal-character-name '\u0434' cannot be represented in the current code page (1252)
C:\Git\sem2lab1\CloneCMake2\TheSecondLab.cpp(18,18): warning C4566: character represented by universal-character-name '\u0438' cannot be represented in the current code page (1252)
C:\Git\sem2lab1\CloneCMake2\TheSecondLab.cpp(18,18): warning C4566: character represented by universal-character-name '\u0442' cannot be represented in the current code page (1252)
C:\Git\sem2lab1\CloneCMake2\TheSecondLab.cpp(18,18): warning C4566: character represented by universal-character-name '\u0447' cannot be represented in the current code page (1252)
C:\Git\sem2lab1\CloneCMake2\TheSecondLab.cpp(18,18): warning C4566: character represented by universal-character-name '\u0441' cannot be represented in the current code page (1252)
C:\Git\sem2lab1\CloneCMake2\TheSecondLab.cpp(18,18): warning C4566: character represented by universal-character-name '\u043B' cannot be represented in the current code page (1252)
C:\Git\sem2lab1\CloneCMake2\TheSecondLab.cpp(18,18): warning C4566: character represented by universal-character-name '\u043E' cannot be represented in the current code page (1252)
C:\Git\sem2lab1\CloneCMake2\TheSecondLab.cpp(20,18): warning C4566: character represented by universal-character-name '\u041D' cannot be represented in the current code page (1252)
C:\Git\sem2lab1\CloneCMake2\TheSecondLab.cpp(20,18): warning C4566: character represented by universal-character-name '\u0430' cannot be represented in the current code page (1252)
C:\Git\sem2lab1\CloneCMake2\TheSecondLab.cpp(20,18): warning C4566: character represented by universal-character-name '\u0447' cannot be represented in the current code page (1252)
C:\Git\sem2lab1\CloneCMake2\TheSecondLab.cpp(20,18): warning C4566: character represented by universal-character-name '\u043B' cannot be represented in the current code page (1252)
C:\Git\sem2lab1\CloneCMake2\TheSecondLab.cpp(20,18): warning C4566: character represented by universal-character-name '\u044C' cannot be represented in the current code page (1252)
C:\Git\sem2lab1\CloneCMake2\TheSecondLab.cpp(20,18): warning C4566: character represented by universal-character-name '\u043D' cannot be represented in the current code page (1252)
C:\Git\sem2lab1\CloneCMake2\TheSecondLab.cpp(20,18): warning C4566: character represented by universal-character-name '\u043E' cannot be represented in the current code page (1252)
C:\Git\sem2lab1\CloneCMake2\TheSecondLab.cpp(20,18): warning C4566: character represented by universal-character-name '\u0435' cannot be represented in the current code page (1252)
C:\Git\sem2lab1\CloneCMake2\TheSecondLab.cpp(20,18): warning C4566: character represented by universal-character-name '\u0438' cannot be represented in the current code page (1252)
C:\Git\sem2lab1\CloneCMake2\TheSecondLab.cpp(20,18): warning C4566: character represented by universal-character-name '\u0441' cannot be represented in the current code page (1252)
C:\Git\sem2lab1\CloneCMake2\TheSecondLab.cpp(25,18): warning C4566: character represented by universal-character-name '\u0418' cannot be represented in the current code page (1252)
C:\Git\sem2lab1\CloneCMake2\TheSecondLab.cpp(25,18): warning C4566: character represented by universal-character-name '\u043D' cannot be represented in the current code page (1252)
C:\Git\sem2lab1\CloneCMake2\TheSecondLab.cpp(25,18): warning C4566: character represented by universal-character-name '\u0432' cannot be represented in the current code page (1252)
C:\Git\sem2lab1\CloneCMake2\TheSecondLab.cpp(25,18): warning C4566: character represented by universal-character-name '\u0435' cannot be represented in the current code page (1252)
C:\Git\sem2lab1\CloneCMake2\TheSecondLab.cpp(25,18): warning C4566: character represented by universal-character-name '\u0440' cannot be represented in the current code page (1252)
C:\Git\sem2lab1\CloneCMake2\TheSecondLab.cpp(25,18): warning C4566: character represented by universal-character-name '\u0441' cannot be represented in the current code page (1252)
C:\Git\sem2lab1\CloneCMake2\TheSecondLab.cpp(25,18): warning C4566: character represented by universal-character-name '\u0438' cannot be represented in the current code page (1252)
C:\Git\sem2lab1\CloneCMake2\TheSecondLab.cpp(25,18): warning C4566: character represented by universal-character-name '\u044F' cannot be represented in the current code page (1252)
C:\Git\sem2lab1\CloneCMake2\TheSecondLab.cpp(25,18): warning C4566: character represented by universal-character-name '\u0447' cannot be represented in the current code page (1252)
C:\Git\sem2lab1\CloneCMake2\TheSecondLab.cpp(25,18): warning C4566: character represented by universal-character-name '\u043B' cannot be represented in the current code page (1252)
C:\Git\sem2lab1\CloneCMake2\TheSecondLab.cpp(25,18): warning C4566: character represented by universal-character-name '\u0430' cannot be represented in the current code page (1252)
C:\Git\sem2lab1\CloneCMake2\TheSecondLab.cpp(37,18): warning C4566: character represented by universal-character-name '\u0418' cannot be represented in the current code page (1252)
C:\Git\sem2lab1\CloneCMake2\TheSecondLab.cpp(37,18): warning C4566: character represented by universal-character-name '\u0442' cannot be represented in the current code page (1252)
C:\Git\sem2lab1\CloneCMake2\TheSecondLab.cpp(37,18): warning C4566: character represented by universal-character-name '\u043E' cannot be represented in the current code page (1252)
C:\Git\sem2lab1\CloneCMake2\TheSecondLab.cpp(37,18): warning C4566: character represented by universal-character-name '\u0433' cannot be represented in the current code page (1252)
C:\Git\sem2lab1\CloneCMake2\TheSecondLab.cpp(37,18): warning C4566: character represented by universal-character-name '\u0432' cannot be represented in the current code page (1252)
C:\Git\sem2lab1\CloneCMake2\TheSecondLab.cpp(37,18): warning C4566: character represented by universal-character-name '\u0435' cannot be represented in the current code page (1252)
C:\Git\sem2lab1\CloneCMake2\TheSecondLab.cpp(37,18): warning C4566: character represented by universal-character-name '\u0447' cannot be represented in the current code page (1252)
C:\Git\sem2lab1\CloneCMake2\TheSecondLab.cpp(37,18): warning C4566: character represented by universal-character-name '\u0438' cannot be represented in the current code page (1252)
C:\Git\sem2lab1\CloneCMake2\TheSecondLab.cpp(37,18): warning C4566: character represented by universal-character-name '\u0441' cannot be represented in the current code page (1252)
C:\Git\sem2lab1\CloneCMake2\TheSecondLab.cpp(37,18): warning C4566: character represented by universal-character-name '\u043B' cannot be represented in the current code page (1252)
C:\Git\sem2lab1\CloneCMake2\TheSecondLab.cpp(43,18): warning C4566: character represented by universal-character-name '\u041A' cannot be represented in the current code page (1252)
C:\Git\sem2lab1\CloneCMake2\TheSecondLab.cpp(43,18): warning C4566: character represented by universal-character-name '\u043E' cannot be represented in the current code page (1252)
C:\Git\sem2lab1\CloneCMake2\TheSecondLab.cpp(43,18): warning C4566: character represented by universal-character-name '\u043D' cannot be represented in the current code page (1252)
C:\Git\sem2lab1\CloneCMake2\TheSecondLab.cpp(43,18): warning C4566: character represented by universal-character-name '\u0435' cannot be represented in the current code page (1252)
C:\Git\sem2lab1\CloneCMake2\TheSecondLab.cpp(43,18): warning C4566: character represented by universal-character-name '\u0447' cannot be represented in the current code page (1252)
C:\Git\sem2lab1\CloneCMake2\TheSecondLab.cpp(43,18): warning C4566: character represented by universal-character-name '\u0438' cannot be represented in the current code page (1252)
C:\Git\sem2lab1\CloneCMake2\TheSecondLab.cpp(43,18): warning C4566: character represented by universal-character-name '\u0441' cannot be represented in the current code page (1252)
C:\Git\sem2lab1\CloneCMake2\TheSecondLab.cpp(43,18): warning C4566: character represented by universal-character-name '\u043B' cannot be represented in the current code page (1252)
  sem1_lab2.vcxproj -> C:\Git\sem2lab1\NewRes2\Debug\sem1_lab2.exe
